c:\users\stepa\source\repos\lab8.2\lab8.2\x64\debug\lab8.2.pch
c:\users\stepa\source\repos\lab8.2\lab8.2\x64\debug\vc145.pdb
c:\users\stepa\source\repos\lab8.2\lab8.2\x64\debug\pch.obj
c:\users\stepa\source\repos\lab8.2\lab8.2\x64\debug\myform.obj
c:\users\stepa\source\repos\lab8.2\lab8.2\x64\debug\lab8.2.obj
c:\users\stepa\source\repos\lab8.2\lab8.2\x64\debug\assemblyinfo.obj
c:\users\stepa\source\repos\lab8.2\lab8.2\x64\debug\.netframework,version=v4.7.2.assemblyattributes.obj
c:\users\stepa\source\repos\lab8.2\lab8.2\x64\debug\app.res
c:\users\stepa\source\repos\lab8.2\x64\debug\lab8.2.exe
c:\users\stepa\source\repos\lab8.2\x64\debug\lab8.2.pdb
c:\users\stepa\source\repos\lab8.2\lab8.2\x64\debug\lab8.2.tlog\cl.command.1.tlog
c:\users\stepa\source\repos\lab8.2\lab8.2\x64\debug\lab8.2.tlog\cl.items.tlog
c:\users\stepa\source\repos\lab8.2\lab8.2\x64\debug\lab8.2.tlog\cl.read.1.tlog
c:\users\stepa\source\repos\lab8.2\lab8.2\x64\debug\lab8.2.tlog\cl.write.1.tlog
c:\users\stepa\source\repos\lab8.2\lab8.2\x64\debug\lab8.2.tlog\link.command.1.tlog
c:\users\stepa\source\repos\lab8.2\lab8.2\x64\debug\lab8.2.tlog\link.read.1.tlog
c:\users\stepa\source\repos\lab8.2\lab8.2\x64\debug\lab8.2.tlog\link.secondary.1.tlog
c:\users\stepa\source\repos\lab8.2\lab8.2\x64\debug\lab8.2.tlog\link.write.1.tlog
c:\users\stepa\source\repos\lab8.2\lab8.2\x64\debug\lab8.2.tlog\metagen.read.1.tlog
c:\users\stepa\source\repos\lab8.2\lab8.2\x64\debug\lab8.2.tlog\metagen.write.1.tlog
c:\users\stepa\source\repos\lab8.2\lab8.2\x64\debug\lab8.2.tlog\rc.command.1.tlog
c:\users\stepa\source\repos\lab8.2\lab8.2\x64\debug\lab8.2.tlog\rc.read.1.tlog
c:\users\stepa\source\repos\lab8.2\lab8.2\x64\debug\lab8.2.tlog\rc.write.1.tlog
c:\users\stepa\source\repos\lab8.2\lab8.2\x64\debug\lab8.2.tlog\resgen.command.1.tlog
c:\users\stepa\source\repos\lab8.2\lab8.2\x64\debug\lab8.2.tlog\resgen.read.1.tlog
c:\users\stepa\source\repos\lab8.2\lab8.2\x64\debug\lab8.2.tlog\resgen.write.1.tlog
